[   81601ms] [ERROR] Failed to load resource: the server responded with a status of 500 (Internal Server Error) @ http://marvin-wsl:3002/:0
[   83884ms] [ERROR] %o

%s

%s
 Error: D1_ERROR: no such table: sessions: SQLITE_ERROR
    at http://marvin-wsl:3002/:1:5779
    at http://marvin-wsl:3002/:1:5927 The above error occurred in the <MatchInnerImpl> component. React will try to recreate this component tree from scratch using the error boundary you provided, CatchBoundaryImpl. @ http://marvin-wsl:3002/node_modules/.vite/deps/react-dom_client.js?v=20bac752:5272
[   83886ms] [WARNING] Warning: The following error wasn't caught by any route! At the very least, consider setting an 'errorComponent' in your RootRoute! @ http://marvin-wsl:3002/node_modules/.pnpm/@tanstack+react-router@1.168.8_react-dom@19.2.4_react@19.2.4__react@19.2.4/node_modules/@tanstack/react-router/dist/esm/Matches.js?v=20bac752:38
[   83886ms] [WARNING] Warning: D1_ERROR: no such table: sessions: SQLITE_ERROR @ http://marvin-wsl:3002/node_modules/.pnpm/@tanstack+react-router@1.168.8_react-dom@19.2.4_react@19.2.4__react@19.2.4/node_modules/@tanstack/react-router/dist/esm/Matches.js?v=20bac752:39
[  108413ms] [ERROR] Failed to load resource: the server responded with a status of 500 (Internal Server Error) @ http://marvin-wsl:3002/:0
[  110651ms] [ERROR] %o

%s

%s
 Error: D1_ERROR: no such table: sessions: SQLITE_ERROR
    at http://marvin-wsl:3002/:1:5779
    at http://marvin-wsl:3002/:1:5927 The above error occurred in the <MatchInnerImpl> component. React will try to recreate this component tree from scratch using the error boundary you provided, CatchBoundaryImpl. @ http://marvin-wsl:3002/node_modules/.vite/deps/react-dom_client.js?v=20bac752:5272
[  110652ms] [WARNING] Warning: The following error wasn't caught by any route! At the very least, consider setting an 'errorComponent' in your RootRoute! @ http://marvin-wsl:3002/node_modules/.pnpm/@tanstack+react-router@1.168.8_react-dom@19.2.4_react@19.2.4__react@19.2.4/node_modules/@tanstack/react-router/dist/esm/Matches.js?v=20bac752:38
[  110652ms] [WARNING] Warning: D1_ERROR: no such table: sessions: SQLITE_ERROR @ http://marvin-wsl:3002/node_modules/.pnpm/@tanstack+react-router@1.168.8_react-dom@19.2.4_react@19.2.4__react@19.2.4/node_modules/@tanstack/react-router/dist/esm/Matches.js?v=20bac752:39
[  115210ms] [ERROR] %o

%s

%s
 Error: D1_ERROR: no such table: sessions: SQLITE_ERROR
    at Object.deserialize (http://marvin-wsl:3002/node_modules/.pnpm/@tanstack+router-core@1.168.7/node_modules/@tanstack/router-core/dist/esm/ssr/serializer/ShallowErrorPlugin.js?v=20bac752:27:10)
    at deserializePlugin (http://marvin-wsl:3002/node_modules/.pnpm/seroval@1.5.1/node_modules/seroval/dist/esm/development/index.mjs?v=20bac752:2198:18)
    at deserialize (http://marvin-wsl:3002/node_modules/.pnpm/seroval@1.5.1/node_modules/seroval/dist/esm/development/index.mjs?v=20bac752:2346:14)
    at assignProperty (http://marvin-wsl:3002/node_modules/.pnpm/seroval@1.5.1/node_modules/seroval/dist/esm/development/index.mjs?v=20bac752:2038:39)
    at deserializeProperties (http://marvin-wsl:3002/node_modules/.pnpm/seroval@1.5.1/node_modules/seroval/dist/esm/development/index.mjs?v=20bac752:2060:7)
    at deserializeObject (http://marvin-wsl:3002/node_modules/.pnpm/seroval@1.5.1/node_modules/seroval/dist/esm/development/index.mjs?v=20bac752:2071:3)
    at deserialize (http://marvin-wsl:3002/node_modules/.pnpm/seroval@1.5.1/node_modules/seroval/dist/esm/development/index.mjs?v=20bac752:2319:14)
    at deserializeTop (http://marvin-wsl:3002/node_modules/.pnpm/seroval@1.5.1/node_modules/seroval/dist/esm/development/index.mjs?v=20bac752:2378:12)
    at fromCrossJSON (http://marvin-wsl:3002/node_modules/.pnpm/seroval@1.5.1/node_modules/seroval/dist/esm/development/index.mjs?v=20bac752:3955:10)
    at getResponse (http://marvin-wsl:3002/node_modules/.pnpm/@tanstack+start-client-core@1.167.7/node_modules/@tanstack/start-client-core/dist/esm/client-rpc/serverFnFetcher.js?v=20bac752:131:65) The above error occurred in the <MatchInnerImpl> component. React will try to recreate this component tree from scratch using the error boundary you provided, CatchBoundaryImpl. @ http://marvin-wsl:3002/node_modules/.vite/deps/react-dom_client.js?v=20bac752:5272
[  115211ms] [WARNING] Warning: The following error wasn't caught by any route! At the very least, consider setting an 'errorComponent' in your RootRoute! @ http://marvin-wsl:3002/node_modules/.pnpm/@tanstack+react-router@1.168.8_react-dom@19.2.4_react@19.2.4__react@19.2.4/node_modules/@tanstack/react-router/dist/esm/Matches.js?v=20bac752:38
[  115211ms] [WARNING] Warning: D1_ERROR: no such table: sessions: SQLITE_ERROR @ http://marvin-wsl:3002/node_modules/.pnpm/@tanstack+react-router@1.168.8_react-dom@19.2.4_react@19.2.4__react@19.2.4/node_modules/@tanstack/react-router/dist/esm/Matches.js?v=20bac752:39
[  175891ms] [ERROR] %o

%s

%s
 Error: D1_ERROR: no such table: sessions: SQLITE_ERROR
    at Object.deserialize (http://marvin-wsl:3002/node_modules/.pnpm/@tanstack+router-core@1.168.7/node_modules/@tanstack/router-core/dist/esm/ssr/serializer/ShallowErrorPlugin.js?v=20bac752:27:10)
    at deserializePlugin (http://marvin-wsl:3002/node_modules/.pnpm/seroval@1.5.1/node_modules/seroval/dist/esm/development/index.mjs?v=20bac752:2198:18)
    at deserialize (http://marvin-wsl:3002/node_modules/.pnpm/seroval@1.5.1/node_modules/seroval/dist/esm/development/index.mjs?v=20bac752:2346:14)
    at assignProperty (http://marvin-wsl:3002/node_modules/.pnpm/seroval@1.5.1/node_modules/seroval/dist/esm/development/index.mjs?v=20bac752:2038:39)
    at deserializeProperties (http://marvin-wsl:3002/node_modules/.pnpm/seroval@1.5.1/node_modules/seroval/dist/esm/development/index.mjs?v=20bac752:2060:7)
    at deserializeObject (http://marvin-wsl:3002/node_modules/.pnpm/seroval@1.5.1/node_modules/seroval/dist/esm/development/index.mjs?v=20bac752:2071:3)
    at deserialize (http://marvin-wsl:3002/node_modules/.pnpm/seroval@1.5.1/node_modules/seroval/dist/esm/development/index.mjs?v=20bac752:2319:14)
    at deserializeTop (http://marvin-wsl:3002/node_modules/.pnpm/seroval@1.5.1/node_modules/seroval/dist/esm/development/index.mjs?v=20bac752:2378:12)
    at fromCrossJSON (http://marvin-wsl:3002/node_modules/.pnpm/seroval@1.5.1/node_modules/seroval/dist/esm/development/index.mjs?v=20bac752:3955:10)
    at getResponse (http://marvin-wsl:3002/node_modules/.pnpm/@tanstack+start-client-core@1.167.7/node_modules/@tanstack/start-client-core/dist/esm/client-rpc/serverFnFetcher.js?v=20bac752:131:65) The above error occurred in the <MatchInnerImpl> component. React will try to recreate this component tree from scratch using the error boundary you provided, CatchBoundaryImpl. @ http://marvin-wsl:3002/node_modules/.vite/deps/react-dom_client.js?v=20bac752:5272
[  175892ms] [WARNING] Warning: The following error wasn't caught by any route! At the very least, consider setting an 'errorComponent' in your RootRoute! @ http://marvin-wsl:3002/node_modules/.pnpm/@tanstack+react-router@1.168.8_react-dom@19.2.4_react@19.2.4__react@19.2.4/node_modules/@tanstack/react-router/dist/esm/Matches.js?v=20bac752:38
[  175892ms] [WARNING] Warning: D1_ERROR: no such table: sessions: SQLITE_ERROR @ http://marvin-wsl:3002/node_modules/.pnpm/@tanstack+react-router@1.168.8_react-dom@19.2.4_react@19.2.4__react@19.2.4/node_modules/@tanstack/react-router/dist/esm/Matches.js?v=20bac752:39
[  181987ms] [ERROR] Failed to load resource: the server responded with a status of 500 (Internal Server Error) @ http://marvin-wsl:3002/:0
[  184582ms] [ERROR] %o

%s

%s
 Error: D1_ERROR: no such table: sessions: SQLITE_ERROR
    at http://marvin-wsl:3002/:1:5779
    at http://marvin-wsl:3002/:1:5927 The above error occurred in the <MatchInnerImpl> component. React will try to recreate this component tree from scratch using the error boundary you provided, CatchBoundaryImpl. @ http://marvin-wsl:3002/node_modules/.vite/deps/react-dom_client.js?v=20bac752:5272
[  184583ms] [WARNING] Warning: The following error wasn't caught by any route! At the very least, consider setting an 'errorComponent' in your RootRoute! @ http://marvin-wsl:3002/node_modules/.pnpm/@tanstack+react-router@1.168.8_react-dom@19.2.4_react@19.2.4__react@19.2.4/node_modules/@tanstack/react-router/dist/esm/Matches.js?v=20bac752:38
[  184584ms] [WARNING] Warning: D1_ERROR: no such table: sessions: SQLITE_ERROR @ http://marvin-wsl:3002/node_modules/.pnpm/@tanstack+react-router@1.168.8_react-dom@19.2.4_react@19.2.4__react@19.2.4/node_modules/@tanstack/react-router/dist/esm/Matches.js?v=20bac752:39
